Base path: D:/Programs/Unity/Editor/Data
Pipe name: \\.\pipe\UnityShaderCompiler-3-7116
Cmd: getPlatforms
Cmd: compileSnippet
  api=8 type=0 insize=1013 outsize=1812 kw= ok=1
Cmd: compileSnippet
  api=8 type=1 insize=1770 outsize=2040 kw= ok=1
Cmd: compileSnippet
  api=0 type=1 insize=1381 outsize=585 kw= ok=1
Cmd: compileSnippet
  api=0 type=1 insize=2219 outsize=568 kw= ok=1
Cmd: compileSnippet
  api=8 type=1 insize=1852 outsize=2032 kw= ok=1
Cmd: compileSnippet
  api=0 type=0 insize=2137 outsize=863 kw= ok=1
Cmd: compileSnippet
  api=0 type=1 insize=1252 outsize=365 kw= ok=1
Cmd: compileSnippet
  api=0 type=1 insize=1237 outsize=344 kw= ok=1
Cmd: compileSnippet
  api=8 type=0 insize=2284 outsize=2958 kw= ok=1
Cmd: compileSnippet
  api=0 type=0 insize=1051 outsize=360 kw= ok=1
Cmd: compileSnippet
  api=1 type=0 insize=1917 outsize=308 kw= ok=1
Cmd: compileSnippet
  api=8 type=1 insize=1917 outsize=2974 kw= ok=1
Unhandled exception: Readfile from pipe failed. GLE=Канал был закрыт.


Quitting shader compiler process
